total chain pairing possibilities: 864
1dp0_A-1dp0_B    O
1dp0_A-1dp0_C    X
1dp0_A-1dp0_D    O
1dp0_B-1dp0_C    O
1dp0_B-1dp0_D    X
1dp0_C-1dp0_D    O
1f4a_A-1f4a_B    O
1f4a_A-1f4a_C    X
1f4a_A-1f4a_D    O
1f4a_B-1f4a_C    O
1f4a_B-1f4a_D    X
1f4a_C-1f4a_D    O
1f4h_A-1f4h_B    O
1f4h_A-1f4h_C    X
1f4h_A-1f4h_D    O
1f4h_B-1f4h_C    O
1f4h_B-1f4h_D    X
1f4h_C-1f4h_D    O
1hn1_A-1hn1_B    O
1hn1_A-1hn1_C    X
1hn1_A-1hn1_D    O
1hn1_B-1hn1_C    O
1hn1_B-1hn1_D    X
1hn1_C-1hn1_D    O
1jyn_A-1jyn_B    O
1jyn_A-1jyn_C    X
1jyn_A-1jyn_D    O
1jyn_B-1jyn_C    O
1jyn_B-1jyn_D    X
1jyn_C-1jyn_D    O
1jyv_A-1jyv_B    O
1jyv_A-1jyv_C    X
1jyv_A-1jyv_D    O
1jyv_B-1jyv_C    O
1jyv_B-1jyv_D    X
1jyv_C-1jyv_D    O
1jyw_A-1jyw_B    O
1jyw_A-1jyw_C    X
1jyw_A-1jyw_D    O
1jyw_B-1jyw_C    O
1jyw_B-1jyw_D    X
1jyw_C-1jyw_D    O
1jyx_A-1jyx_B    O
1jyx_A-1jyx_C    X
1jyx_A-1jyx_D    O
1jyx_B-1jyx_C    O
1jyx_B-1jyx_D    X
1jyx_C-1jyx_D    O
1jz2_A-1jz2_B    O
1jz2_A-1jz2_C    X
1jz2_A-1jz2_D    O
1jz2_B-1jz2_C    O
1jz2_B-1jz2_D    X
1jz2_C-1jz2_D    O
1jz3_A-1jz3_B    O
1jz3_A-1jz3_C    X
1jz3_A-1jz3_D    O
1jz3_B-1jz3_C    O
1jz3_B-1jz3_D    X
1jz3_C-1jz3_D    O
1jz4_A-1jz4_B    O
1jz4_A-1jz4_C    X
1jz4_A-1jz4_D    O
1jz4_B-1jz4_C    O
1jz4_B-1jz4_D    X
1jz4_C-1jz4_D    O
1jz5_A-1jz5_B    O
1jz5_A-1jz5_C    X
1jz5_A-1jz5_D    O
1jz5_B-1jz5_C    O
1jz5_B-1jz5_D    X
1jz5_C-1jz5_D    O
1jz6_A-1jz6_B    O
1jz6_A-1jz6_C    X
1jz6_A-1jz6_D    O
1jz6_B-1jz6_C    O
1jz6_B-1jz6_D    X
1jz6_C-1jz6_D    O
1jz7_A-1jz7_B    O
1jz7_A-1jz7_C    X
1jz7_A-1jz7_D    O
1jz7_B-1jz7_C    O
1jz7_B-1jz7_D    X
1jz7_C-1jz7_D    O
1jz8_A-1jz8_B    O
1jz8_A-1jz8_C    X
1jz8_A-1jz8_D    O
1jz8_B-1jz8_C    O
1jz8_B-1jz8_D    X
1jz8_C-1jz8_D    O
1px3_A-1px3_B    O
1px3_A-1px3_C    X
1px3_A-1px3_D    O
1px3_B-1px3_C    O
1px3_B-1px3_D    X
1px3_C-1px3_D    O
1px4_A-1px4_B    O
1px4_A-1px4_C    X
1px4_A-1px4_D    O
1px4_B-1px4_C    O
1px4_B-1px4_D    X
1px4_C-1px4_D    O
3czj_A-3czj_B    O
3czj_A-3czj_C    X
3czj_A-3czj_D    O
3czj_B-3czj_C    O
3czj_B-3czj_D    X
3czj_C-3czj_D    O
3dym_A-3dym_B    O
3dym_A-3dym_C    X
3dym_A-3dym_D    O
3dym_B-3dym_C    O
3dym_B-3dym_D    X
3dym_C-3dym_D    O
3dyo_A-3dyo_B    O
3dyo_A-3dyo_C    X
3dyo_A-3dyo_D    O
3dyo_B-3dyo_C    O
3dyo_B-3dyo_D    X
3dyo_C-3dyo_D    O
3dyp_A-3dyp_B    O
3dyp_A-3dyp_C    X
3dyp_A-3dyp_D    O
3dyp_B-3dyp_C    O
3dyp_B-3dyp_D    X
3dyp_C-3dyp_D    O
3e1f_1-3e1f_2    O
3e1f_1-3e1f_3    X
3e1f_1-3e1f_4    O
3e1f_2-3e1f_3    O
3e1f_2-3e1f_4    X
3e1f_3-3e1f_4    O
3i3b_A-3i3b_B    O
3i3b_A-3i3b_C    X
3i3b_A-3i3b_D    O
3i3b_B-3i3b_C    O
3i3b_B-3i3b_D    X
3i3b_C-3i3b_D    O
3i3d_A-3i3d_B    O
3i3d_A-3i3d_C    X
3i3d_A-3i3d_D    O
3i3d_B-3i3d_C    O
3i3d_B-3i3d_D    X
3i3d_C-3i3d_D    O
3i3e_A-3i3e_B    O
3i3e_A-3i3e_C    X
3i3e_A-3i3e_D    O
3i3e_B-3i3e_C    O
3i3e_B-3i3e_D    X
3i3e_C-3i3e_D    O
3iap_A-3iap_B    O
3iap_A-3iap_C    X
3iap_A-3iap_D    O
3iap_B-3iap_C    O
3iap_B-3iap_D    X
3iap_C-3iap_D    O
3iaq_A-3iaq_B    O
3iaq_A-3iaq_C    X
3iaq_A-3iaq_D    O
3iaq_B-3iaq_C    O
3iaq_B-3iaq_D    X
3iaq_C-3iaq_D    O
3j7h_A-3j7h_B    O
3j7h_A-3j7h_C    X
3j7h_A-3j7h_D    O
3j7h_B-3j7h_C    O
3j7h_B-3j7h_D    X
3j7h_C-3j7h_D    O
3muy_1-3muy_2    O
3muy_1-3muy_3    X
3muy_1-3muy_4    O
3muy_2-3muy_3    O
3muy_2-3muy_4    X
3muy_3-3muy_4    O
3muz_1-3muz_2    O
3muz_1-3muz_3    X
3muz_1-3muz_4    O
3muz_2-3muz_3    O
3muz_2-3muz_4    X
3muz_3-3muz_4    O
3mv0_1-3mv0_2    O
3mv0_1-3mv0_3    X
3mv0_1-3mv0_4    O
3mv0_2-3mv0_3    O
3mv0_2-3mv0_4    X
3mv0_3-3mv0_4    O
3mv1_1-3mv1_2    O
3mv1_1-3mv1_3    X
3mv1_1-3mv1_4    O
3mv1_2-3mv1_3    O
3mv1_2-3mv1_4    X
3mv1_3-3mv1_4    O
3sep_A-3sep_B    O
3sep_A-3sep_C    X
3sep_A-3sep_D    O
3sep_B-3sep_C    O
3sep_B-3sep_D    X
3sep_C-3sep_D    O
3t08_A-3t08_B    O
3t08_A-3t08_C    X
3t08_A-3t08_D    O
3t08_B-3t08_C    O
3t08_B-3t08_D    X
3t08_C-3t08_D    O
3t09_A-3t09_B    O
3t09_A-3t09_C    X
3t09_A-3t09_D    O
3t09_B-3t09_C    O
3t09_B-3t09_D    X
3t09_C-3t09_D    O
3t0a_A-3t0a_B    O
3t0a_A-3t0a_C    X
3t0a_A-3t0a_D    O
3t0a_B-3t0a_C    O
3t0a_B-3t0a_D    X
3t0a_C-3t0a_D    O
3t0b_A-3t0b_B    O
3t0b_A-3t0b_C    X
3t0b_A-3t0b_D    O
3t0b_B-3t0b_C    O
3t0b_B-3t0b_D    X
3t0b_C-3t0b_D    O
3t0d_A-3t0d_B    O
3t0d_A-3t0d_C    X
3t0d_A-3t0d_D    O
3t0d_B-3t0d_C    O
3t0d_B-3t0d_D    X
3t0d_C-3t0d_D    O
3t2o_A-3t2o_B    O
3t2o_A-3t2o_C    X
3t2o_A-3t2o_D    O
3t2o_B-3t2o_C    O
3t2o_B-3t2o_D    X
3t2o_C-3t2o_D    O
3t2p_A-3t2p_B    O
3t2p_A-3t2p_C    X
3t2p_A-3t2p_D    O
3t2p_B-3t2p_C    O
3t2p_B-3t2p_D    X
3t2p_C-3t2p_D    O
3t2q_A-3t2q_B    O
3t2q_A-3t2q_C    X
3t2q_A-3t2q_D    O
3t2q_B-3t2q_C    O
3t2q_B-3t2q_D    X
3t2q_C-3t2q_D    O
3vd3_A-3vd3_B    O
3vd3_A-3vd3_C    X
3vd3_A-3vd3_D    O
3vd3_B-3vd3_C    O
3vd3_B-3vd3_D    X
3vd3_C-3vd3_D    O
3vd4_A-3vd4_B    O
3vd4_A-3vd4_C    X
3vd4_A-3vd4_D    O
3vd4_B-3vd4_C    O
3vd4_B-3vd4_D    X
3vd4_C-3vd4_D    O
3vd5_A-3vd5_B    O
3vd5_A-3vd5_C    X
3vd5_A-3vd5_D    O
3vd5_B-3vd5_C    O
3vd5_B-3vd5_D    X
3vd5_C-3vd5_D    O
3vd7_A-3vd7_B    O
3vd7_A-3vd7_C    X
3vd7_A-3vd7_D    O
3vd7_B-3vd7_C    O
3vd7_B-3vd7_D    X
3vd7_C-3vd7_D    O
3vd9_A-3vd9_B    O
3vd9_A-3vd9_C    X
3vd9_A-3vd9_D    O
3vd9_B-3vd9_C    O
3vd9_B-3vd9_D    X
3vd9_C-3vd9_D    O
3vda_A-3vda_B    O
3vda_A-3vda_C    X
3vda_A-3vda_D    O
3vda_B-3vda_C    O
3vda_B-3vda_D    X
3vda_C-3vda_D    O
3vdb_A-3vdb_B    O
3vdb_A-3vdb_C    X
3vdb_A-3vdb_D    O
3vdb_B-3vdb_C    O
3vdb_B-3vdb_D    X
3vdb_C-3vdb_D    O
3vdc_A-3vdc_B    O
3vdc_A-3vdc_C    X
3vdc_A-3vdc_D    O
3vdc_B-3vdc_C    O
3vdc_B-3vdc_D    X
3vdc_C-3vdc_D    O
4ckd_A-4ckd_B    O
4ckd_A-4ckd_C    X
4ckd_A-4ckd_D    O
4ckd_B-4ckd_C    O
4ckd_B-4ckd_D    X
4ckd_C-4ckd_D    O
4duv_A-4duv_B    O
4duv_A-4duv_C    X
4duv_A-4duv_D    O
4duv_B-4duv_C    O
4duv_B-4duv_D    X
4duv_C-4duv_D    O
4duw_A-4duw_B    O
4duw_A-4duw_C    X
4duw_A-4duw_D    O
4duw_B-4duw_C    O
4duw_B-4duw_D    X
4duw_C-4duw_D    O
4dux_A-4dux_B    O
4dux_A-4dux_C    X
4dux_A-4dux_D    O
4dux_B-4dux_C    O
4dux_B-4dux_D    X
4dux_C-4dux_D    O
4ttg_A-4ttg_B    O
4ttg_A-4ttg_C    X
4ttg_A-4ttg_D    O
4ttg_B-4ttg_C    O
4ttg_B-4ttg_D    X
4ttg_C-4ttg_D    O
4v40_A-4v40_B    O
4v40_A-4v40_C    X
4v40_A-4v40_D    O
4v40_A-4v40_E    X
4v40_A-4v40_F    X
4v40_A-4v40_G    X
4v40_A-4v40_H    X
4v40_A-4v40_I    X
4v40_A-4v40_J    X
4v40_A-4v40_K    X
4v40_A-4v40_L    X
4v40_A-4v40_M    X
4v40_A-4v40_N    X
4v40_A-4v40_O    X
4v40_A-4v40_P    X
4v40_B-4v40_C    O
4v40_B-4v40_D    X
4v40_B-4v40_E    X
4v40_B-4v40_F    X
4v40_B-4v40_G    X
4v40_B-4v40_H    X
4v40_B-4v40_I    X
4v40_B-4v40_J    X
4v40_B-4v40_K    X
4v40_B-4v40_L    X
4v40_B-4v40_M    X
4v40_B-4v40_N    X
4v40_B-4v40_O    X
4v40_B-4v40_P    X
4v40_C-4v40_D    O
4v40_C-4v40_E    X
4v40_C-4v40_F    X
4v40_C-4v40_G    X
4v40_C-4v40_H    X
4v40_C-4v40_I    X
4v40_C-4v40_J    X
4v40_C-4v40_K    X
4v40_C-4v40_L    X
4v40_C-4v40_M    X
4v40_C-4v40_N    X
4v40_C-4v40_O    X
4v40_C-4v40_P    X
4v40_D-4v40_E    X
4v40_D-4v40_F    X
4v40_D-4v40_G    X
4v40_D-4v40_H    X
4v40_D-4v40_I    X
4v40_D-4v40_J    X
4v40_D-4v40_K    X
4v40_D-4v40_L    X
4v40_D-4v40_M    X
4v40_D-4v40_N    X
4v40_D-4v40_O    X
4v40_D-4v40_P    X
4v40_E-4v40_F    O
4v40_E-4v40_G    X
4v40_E-4v40_H    O
4v40_E-4v40_I    X
4v40_E-4v40_J    X
4v40_E-4v40_K    X
4v40_E-4v40_L    X
4v40_E-4v40_M    X
4v40_E-4v40_N    X
4v40_E-4v40_O    X
4v40_E-4v40_P    X
4v40_F-4v40_G    O
4v40_F-4v40_H    X
4v40_F-4v40_I    X
4v40_F-4v40_J    X
4v40_F-4v40_K    X
4v40_F-4v40_L    X
4v40_F-4v40_M    X
4v40_F-4v40_N    X
4v40_F-4v40_O    X
4v40_F-4v40_P    X
4v40_G-4v40_H    O
4v40_G-4v40_I    X
4v40_G-4v40_J    X
4v40_G-4v40_K    X
4v40_G-4v40_L    X
4v40_G-4v40_M    X
4v40_G-4v40_N    X
4v40_G-4v40_O    X
4v40_G-4v40_P    X
4v40_H-4v40_I    X
4v40_H-4v40_J    X
4v40_H-4v40_K    X
4v40_H-4v40_L    X
4v40_H-4v40_M    X
4v40_H-4v40_N    X
4v40_H-4v40_O    X
4v40_H-4v40_P    X
4v40_I-4v40_J    O
4v40_I-4v40_K    X
4v40_I-4v40_L    O
4v40_I-4v40_M    X
4v40_I-4v40_N    X
4v40_I-4v40_O    X
4v40_I-4v40_P    X
4v40_J-4v40_K    O
4v40_J-4v40_L    X
4v40_J-4v40_M    X
4v40_J-4v40_N    X
4v40_J-4v40_O    X
4v40_J-4v40_P    X
4v40_K-4v40_L    O
4v40_K-4v40_M    X
4v40_K-4v40_N    X
4v40_K-4v40_O    X
4v40_K-4v40_P    X
4v40_L-4v40_M    X
4v40_L-4v40_N    X
4v40_L-4v40_O    X
4v40_L-4v40_P    X
4v40_M-4v40_N    O
4v40_M-4v40_O    X
4v40_M-4v40_P    O
4v40_N-4v40_O    O
4v40_N-4v40_P    X
4v40_O-4v40_P    O
4v41_A-4v41_B    O
4v41_A-4v41_C    X
4v41_A-4v41_D    O
4v41_A-4v41_E    X
4v41_A-4v41_F    X
4v41_A-4v41_G    X
4v41_A-4v41_H    X
4v41_A-4v41_I    X
4v41_A-4v41_J    X
4v41_A-4v41_K    X
4v41_A-4v41_L    X
4v41_A-4v41_M    X
4v41_A-4v41_N    X
4v41_A-4v41_O    X
4v41_A-4v41_P    X
4v41_B-4v41_C    O
4v41_B-4v41_D    X
4v41_B-4v41_E    X
4v41_B-4v41_F    X
4v41_B-4v41_G    X
4v41_B-4v41_H    X
4v41_B-4v41_I    X
4v41_B-4v41_J    X
4v41_B-4v41_K    X
4v41_B-4v41_L    X
4v41_B-4v41_M    X
4v41_B-4v41_N    X
4v41_B-4v41_O    X
4v41_B-4v41_P    X
4v41_C-4v41_D    O
4v41_C-4v41_E    X
4v41_C-4v41_F    X
4v41_C-4v41_G    X
4v41_C-4v41_H    X
4v41_C-4v41_I    X
4v41_C-4v41_J    X
4v41_C-4v41_K    X
4v41_C-4v41_L    X
4v41_C-4v41_M    X
4v41_C-4v41_N    X
4v41_C-4v41_O    X
4v41_C-4v41_P    X
4v41_D-4v41_E    X
4v41_D-4v41_F    X
4v41_D-4v41_G    X
4v41_D-4v41_H    X
4v41_D-4v41_I    X
4v41_D-4v41_J    X
4v41_D-4v41_K    X
4v41_D-4v41_L    X
4v41_D-4v41_M    X
4v41_D-4v41_N    X
4v41_D-4v41_O    X
4v41_D-4v41_P    X
4v41_E-4v41_F    O
4v41_E-4v41_G    X
4v41_E-4v41_H    O
4v41_E-4v41_I    X
4v41_E-4v41_J    X
4v41_E-4v41_K    X
4v41_E-4v41_L    X
4v41_E-4v41_M    X
4v41_E-4v41_N    X
4v41_E-4v41_O    X
4v41_E-4v41_P    X
4v41_F-4v41_G    O
4v41_F-4v41_H    X
4v41_F-4v41_I    X
4v41_F-4v41_J    X
4v41_F-4v41_K    X
4v41_F-4v41_L    X
4v41_F-4v41_M    X
4v41_F-4v41_N    X
4v41_F-4v41_O    X
4v41_F-4v41_P    X
4v41_G-4v41_H    O
4v41_G-4v41_I    X
4v41_G-4v41_J    X
4v41_G-4v41_K    X
4v41_G-4v41_L    X
4v41_G-4v41_M    X
4v41_G-4v41_N    X
4v41_G-4v41_O    X
4v41_G-4v41_P    X
4v41_H-4v41_I    X
4v41_H-4v41_J    X
4v41_H-4v41_K    X
4v41_H-4v41_L    X
4v41_H-4v41_M    X
4v41_H-4v41_N    X
4v41_H-4v41_O    X
4v41_H-4v41_P    X
4v41_I-4v41_J    O
4v41_I-4v41_K    X
4v41_I-4v41_L    O
4v41_I-4v41_M    X
4v41_I-4v41_N    X
4v41_I-4v41_O    X
4v41_I-4v41_P    X
4v41_J-4v41_K    O
4v41_J-4v41_L    X
4v41_J-4v41_M    X
4v41_J-4v41_N    X
4v41_J-4v41_O    X
4v41_J-4v41_P    X
4v41_K-4v41_L    O
4v41_K-4v41_M    X
4v41_K-4v41_N    X
4v41_K-4v41_O    X
4v41_K-4v41_P    X
4v41_L-4v41_M    X
4v41_L-4v41_N    X
4v41_L-4v41_O    X
4v41_L-4v41_P    X
4v41_M-4v41_N    O
4v41_M-4v41_O    X
4v41_M-4v41_P    O
4v41_N-4v41_O    O
4v41_N-4v41_P    X
4v41_O-4v41_P    O
4v44_A-4v44_B    O
4v44_A-4v44_C    X
4v44_A-4v44_D    O
4v44_A-4v44_E    X
4v44_A-4v44_F    X
4v44_A-4v44_G    X
4v44_A-4v44_H    X
4v44_A-4v44_I    X
4v44_A-4v44_J    X
4v44_A-4v44_K    X
4v44_A-4v44_L    X
4v44_A-4v44_M    X
4v44_A-4v44_N    X
4v44_A-4v44_O    X
4v44_A-4v44_P    X
4v44_B-4v44_C    O
4v44_B-4v44_D    X
4v44_B-4v44_E    X
4v44_B-4v44_F    X
4v44_B-4v44_G    X
4v44_B-4v44_H    X
4v44_B-4v44_I    X
4v44_B-4v44_J    X
4v44_B-4v44_K    X
4v44_B-4v44_L    X
4v44_B-4v44_M    X
4v44_B-4v44_N    X
4v44_B-4v44_O    X
4v44_B-4v44_P    X
4v44_C-4v44_D    O
4v44_C-4v44_E    X
4v44_C-4v44_F    X
4v44_C-4v44_G    X
4v44_C-4v44_H    X
4v44_C-4v44_I    X
4v44_C-4v44_J    X
4v44_C-4v44_K    X
4v44_C-4v44_L    X
4v44_C-4v44_M    X
4v44_C-4v44_N    X
4v44_C-4v44_O    X
4v44_C-4v44_P    X
4v44_D-4v44_E    X
4v44_D-4v44_F    X
4v44_D-4v44_G    X
4v44_D-4v44_H    X
4v44_D-4v44_I    X
4v44_D-4v44_J    X
4v44_D-4v44_K    X
4v44_D-4v44_L    X
4v44_D-4v44_M    X
4v44_D-4v44_N    X
4v44_D-4v44_O    X
4v44_D-4v44_P    X
4v44_E-4v44_F    O
4v44_E-4v44_G    X
4v44_E-4v44_H    O
4v44_E-4v44_I    X
4v44_E-4v44_J    X
4v44_E-4v44_K    X
4v44_E-4v44_L    X
4v44_E-4v44_M    X
4v44_E-4v44_N    X
4v44_E-4v44_O    X
4v44_E-4v44_P    X
4v44_F-4v44_G    O
4v44_F-4v44_H    X
4v44_F-4v44_I    X
4v44_F-4v44_J    X
4v44_F-4v44_K    X
4v44_F-4v44_L    X
4v44_F-4v44_M    X
4v44_F-4v44_N    X
4v44_F-4v44_O    X
4v44_F-4v44_P    X
4v44_G-4v44_H    O
4v44_G-4v44_I    X
4v44_G-4v44_J    X
4v44_G-4v44_K    X
4v44_G-4v44_L    X
4v44_G-4v44_M    X
4v44_G-4v44_N    X
4v44_G-4v44_O    X
4v44_G-4v44_P    X
4v44_H-4v44_I    X
4v44_H-4v44_J    X
4v44_H-4v44_K    X
4v44_H-4v44_L    X
4v44_H-4v44_M    X
4v44_H-4v44_N    X
4v44_H-4v44_O    X
4v44_H-4v44_P    X
4v44_I-4v44_J    O
4v44_I-4v44_K    X
4v44_I-4v44_L    O
4v44_I-4v44_M    X
4v44_I-4v44_N    X
4v44_I-4v44_O    X
4v44_I-4v44_P    X
4v44_J-4v44_K    O
4v44_J-4v44_L    X
4v44_J-4v44_M    X
4v44_J-4v44_N    X
4v44_J-4v44_O    X
4v44_J-4v44_P    X
4v44_K-4v44_L    O
4v44_K-4v44_M    X
4v44_K-4v44_N    X
4v44_K-4v44_O    X
4v44_K-4v44_P    X
4v44_L-4v44_M    X
4v44_L-4v44_N    X
4v44_L-4v44_O    X
4v44_L-4v44_P    X
4v44_M-4v44_N    O
4v44_M-4v44_O    X
4v44_M-4v44_P    O
4v44_N-4v44_O    O
4v44_N-4v44_P    X
4v44_O-4v44_P    O
4v45_A-4v45_B    O
4v45_A-4v45_C    X
4v45_A-4v45_D    O
4v45_A-4v45_E    X
4v45_A-4v45_F    X
4v45_A-4v45_G    X
4v45_A-4v45_H    X
4v45_A-4v45_I    X
4v45_A-4v45_J    X
4v45_A-4v45_K    X
4v45_A-4v45_L    X
4v45_A-4v45_M    X
4v45_A-4v45_N    X
4v45_A-4v45_O    X
4v45_A-4v45_P    X
4v45_B-4v45_C    O
4v45_B-4v45_D    X
4v45_B-4v45_E    X
4v45_B-4v45_F    X
4v45_B-4v45_G    X
4v45_B-4v45_H    X
4v45_B-4v45_I    X
4v45_B-4v45_J    X
4v45_B-4v45_K    X
4v45_B-4v45_L    X
4v45_B-4v45_M    X
4v45_B-4v45_N    X
4v45_B-4v45_O    X
4v45_B-4v45_P    X
4v45_C-4v45_D    O
4v45_C-4v45_E    X
4v45_C-4v45_F    X
4v45_C-4v45_G    X
4v45_C-4v45_H    X
4v45_C-4v45_I    X
4v45_C-4v45_J    X
4v45_C-4v45_K    X
4v45_C-4v45_L    X
4v45_C-4v45_M    X
4v45_C-4v45_N    X
4v45_C-4v45_O    X
4v45_C-4v45_P    X
4v45_D-4v45_E    X
4v45_D-4v45_F    X
4v45_D-4v45_G    X
4v45_D-4v45_H    X
4v45_D-4v45_I    X
4v45_D-4v45_J    X
4v45_D-4v45_K    X
4v45_D-4v45_L    X
4v45_D-4v45_M    X
4v45_D-4v45_N    X
4v45_D-4v45_O    X
4v45_D-4v45_P    X
4v45_E-4v45_F    O
4v45_E-4v45_G    X
4v45_E-4v45_H    O
4v45_E-4v45_I    X
4v45_E-4v45_J    X
4v45_E-4v45_K    X
4v45_E-4v45_L    X
4v45_E-4v45_M    X
4v45_E-4v45_N    X
4v45_E-4v45_O    X
4v45_E-4v45_P    X
4v45_F-4v45_G    O
4v45_F-4v45_H    X
4v45_F-4v45_I    X
4v45_F-4v45_J    X
4v45_F-4v45_K    X
4v45_F-4v45_L    X
4v45_F-4v45_M    X
4v45_F-4v45_N    X
4v45_F-4v45_O    X
4v45_F-4v45_P    X
4v45_G-4v45_H    O
4v45_G-4v45_I    X
4v45_G-4v45_J    X
4v45_G-4v45_K    X
4v45_G-4v45_L    X
4v45_G-4v45_M    X
4v45_G-4v45_N    X
4v45_G-4v45_O    X
4v45_G-4v45_P    X
4v45_H-4v45_I    X
4v45_H-4v45_J    X
4v45_H-4v45_K    X
4v45_H-4v45_L    X
4v45_H-4v45_M    X
4v45_H-4v45_N    X
4v45_H-4v45_O    X
4v45_H-4v45_P    X
4v45_I-4v45_J    O
4v45_I-4v45_K    X
4v45_I-4v45_L    O
4v45_I-4v45_M    X
4v45_I-4v45_N    X
4v45_I-4v45_O    X
4v45_I-4v45_P    X
4v45_J-4v45_K    O
4v45_J-4v45_L    X
4v45_J-4v45_M    X
4v45_J-4v45_N    X
4v45_J-4v45_O    X
4v45_J-4v45_P    X
4v45_K-4v45_L    O
4v45_K-4v45_M    X
4v45_K-4v45_N    X
4v45_K-4v45_O    X
4v45_K-4v45_P    X
4v45_L-4v45_M    X
4v45_L-4v45_N    X
4v45_L-4v45_O    X
4v45_L-4v45_P    X
4v45_M-4v45_N    O
4v45_M-4v45_O    X
4v45_M-4v45_P    O
4v45_N-4v45_O    O
4v45_N-4v45_P    X
4v45_O-4v45_P    O
5a1a_A-5a1a_B    X
5a1a_A-5a1a_C    O
5a1a_A-5a1a_D    O
5a1a_B-5a1a_C    O
5a1a_B-5a1a_D    O
5a1a_C-5a1a_D    X
6cvm_A-6cvm_B    X
6cvm_A-6cvm_C    O
6cvm_A-6cvm_D    O
6cvm_B-6cvm_C    O
6cvm_B-6cvm_D    O
6cvm_C-6cvm_D    X
6drv_A-6drv_B    O
6drv_A-6drv_C    O
6drv_A-6drv_D    X
6drv_B-6drv_C    X
6drv_B-6drv_D    O
6drv_C-6drv_D    O
6kuz_A-6kuz_B    O
6kuz_A-6kuz_C    X
6kuz_A-6kuz_D    O
6kuz_B-6kuz_C    X
6kuz_B-6kuz_D    X
6kuz_C-6kuz_D    O
6tsh_A-6tsh_B    O
6tsh_A-6tsh_C    X
6tsh_A-6tsh_D    O
6tsh_B-6tsh_C    O
6tsh_B-6tsh_D    X
6tsh_C-6tsh_D    O
6tsk_A-6tsk_B    O
6tsk_A-6tsk_C    X
6tsk_A-6tsk_D    O
6tsk_B-6tsk_C    O
6tsk_B-6tsk_D    X
6tsk_C-6tsk_D    O
6tte_A-6tte_B    O
6tte_A-6tte_C    X
6tte_A-6tte_D    O
6tte_B-6tte_C    O
6tte_B-6tte_D    X
6tte_C-6tte_D    O
6x1q_A-6x1q_B    X
6x1q_A-6x1q_C    O
6x1q_A-6x1q_D    O
6x1q_B-6x1q_C    O
6x1q_B-6x1q_D    O
6x1q_C-6x1q_D    X
7brs_A-7brs_B    O
7brs_A-7brs_C    O
7brs_A-7brs_D    X
7brs_B-7brs_C    X
7brs_B-7brs_D    O
7brs_C-7brs_D    X
7btk_A-7btk_B    O
7btk_A-7btk_C    O
7btk_A-7btk_D    X
7btk_B-7btk_C    X
7btk_B-7btk_D    O
7btk_C-7btk_D    X
-----
resulting pairs in contact: 317
